-------------------------------------------------------------------------------
Test set: TestSuite
-------------------------------------------------------------------------------
Tests run: 2, Failures: 1, Errors: 0, Skipped: 1, Time elapsed: 2.933 sec <<< FAILURE! - in TestSuite
methodSetUp(com.dice.LogInTest)  Time elapsed: 2.845 sec  <<< FAILURE!
java.lang.NoClassDefFoundError: org/openqa/selenium/interactions/HasTouchScreen
Caused by: java.lang.ClassNotFoundException: org.openqa.selenium.interactions.HasTouchScreen

